<?xml version="1.0" encoding="utf-8"?><testsuites name="pytest tests"><testsuite name="pytest" errors="0" failures="2" skipped="0" tests="17" time="0.315" timestamp="2026-01-05T15:32:39.865028+00:00" hostname="agent-env-52f423d1-6e86-4fb7-99b4-d25c2b80f5e1"><testcase classname="tests.test_api.TestHealthCheck" name="test_health_endpoint_returns_200" time="0.011" /><testcase classname="tests.test_api.TestHealthCheck" name="test_health_endpoint_returns_healthy_status" time="0.008" /><testcase classname="tests.test_api.TestJobsAPI" name="test_get_jobs_returns_200" time="0.017" /><testcase classname="tests.test_api.TestJobsAPI" name="test_get_jobs_returns_list" time="0.008" /><testcase classname="tests.test_api.TestJobsAPI" name="test_get_jobs_returns_job_data" time="0.008" /><testcase classname="tests.test_api.TestJobsAPI" name="test_get_jobs_excludes_mongodb_id" time="0.006" /><testcase classname="tests.test_api.TestJobsAPI" name="test_create_job_returns_201" time="0.009"><failure message="AssertionError: assert '_id' not in {'_id': '695bd998e00b32d41013b0d6', 'applicationsCount': 0, 'benefits': [], 'color': '#3B82F6', ...}">tests/test_api.py:89: in test_create_job_returns_201
    assert "_id" not in data
E   AssertionError: assert '_id' not in {'_id': '695bd998e00b32d41013b0d6', 'applicationsCount': 0, 'benefits': [], 'color': '#3B82F6', ...}</failure></testcase><testcase classname="tests.test_api.TestApplicationsAPI" name="test_get_applications_returns_200" time="0.008" /><testcase classname="tests.test_api.TestApplicationsAPI" name="test_get_applications_returns_list" time="0.007" /><testcase classname="tests.test_api.TestApplicationsAPI" name="test_get_applications_returns_application_data" time="0.006" /><testcase classname="tests.test_api.TestApplicationsAPI" name="test_get_applications_excludes_mongodb_id" time="0.031" /><testcase classname="tests.test_api.TestApplicationsAPI" name="test_get_applications_with_job_filter" time="0.015" /><testcase classname="tests.test_api.TestApplicationsAPI" name="test_create_application_returns_201" time="0.015"><failure message="AssertionError: assert '_id' not in {'_id': '695bd998e00b32d41013b0d7', 'appliedAt': '2026-01-05T15:32:40.146Z', 'coverLetter': 'I am excited to apply for this position...', 'email': 'test.john@example.com', ...}">tests/test_api.py:175: in test_create_application_returns_201
    assert "_id" not in data
E   AssertionError: assert '_id' not in {'_id': '695bd998e00b32d41013b0d7', 'appliedAt': '2026-01-05T15:32:40.146Z', 'coverLetter': 'I am excited to apply for this position...', 'email': 'test.john@example.com', ...}</failure></testcase><testcase classname="tests.test_api.TestDataIntegrity" name="test_jobs_count_matches_seeded_data" time="0.007" /><testcase classname="tests.test_api.TestDataIntegrity" name="test_applications_count_matches_seeded_data" time="0.006" /><testcase classname="tests.test_api.TestDataIntegrity" name="test_job_status_values_are_valid" time="0.006" /><testcase classname="tests.test_api.TestDataIntegrity" name="test_application_status_values_are_valid" time="0.006" /></testsuite></testsuites>