<?xml version="1.0" encoding="utf-8"?><testsuites name="pytest tests"><testsuite name="pytest" errors="0" failures="0" skipped="0" tests="17" time="0.300" timestamp="2026-01-05T15:33:07.123848+00:00" hostname="agent-env-52f423d1-6e86-4fb7-99b4-d25c2b80f5e1"><testcase classname="tests.test_api.TestHealthCheck" name="test_health_endpoint_returns_200" time="0.096" /><testcase classname="tests.test_api.TestHealthCheck" name="test_health_endpoint_returns_healthy_status" time="0.008" /><testcase classname="tests.test_api.TestJobsAPI" name="test_get_jobs_returns_200" time="0.007" /><testcase classname="tests.test_api.TestJobsAPI" name="test_get_jobs_returns_list" time="0.006" /><testcase classname="tests.test_api.TestJobsAPI" name="test_get_jobs_returns_job_data" time="0.005" /><testcase classname="tests.test_api.TestJobsAPI" name="test_get_jobs_excludes_mongodb_id" time="0.029" /><testcase classname="tests.test_api.TestJobsAPI" name="test_create_job_returns_201" time="0.005" /><testcase classname="tests.test_api.TestApplicationsAPI" name="test_get_applications_returns_200" time="0.007" /><testcase classname="tests.test_api.TestApplicationsAPI" name="test_get_applications_returns_list" time="0.006" /><testcase classname="tests.test_api.TestApplicationsAPI" name="test_get_applications_returns_application_data" time="0.005" /><testcase classname="tests.test_api.TestApplicationsAPI" name="test_get_applications_excludes_mongodb_id" time="0.005" /><testcase classname="tests.test_api.TestApplicationsAPI" name="test_get_applications_with_job_filter" time="0.010" /><testcase classname="tests.test_api.TestApplicationsAPI" name="test_create_application_returns_201" time="0.013" /><testcase classname="tests.test_api.TestDataIntegrity" name="test_jobs_count_matches_seeded_data" time="0.005" /><testcase classname="tests.test_api.TestDataIntegrity" name="test_applications_count_matches_seeded_data" time="0.007" /><testcase classname="tests.test_api.TestDataIntegrity" name="test_job_status_values_are_valid" time="0.030" /><testcase classname="tests.test_api.TestDataIntegrity" name="test_application_status_values_are_valid" time="0.006" /></testsuite></testsuites>