<?xml version="1.0" encoding="utf-8"?><testsuites name="pytest tests"><testsuite name="pytest" errors="0" failures="0" skipped="0" tests="18" time="1.461" timestamp="2026-01-06T03:25:51.648584+00:00" hostname="agent-env-52f423d1-6e86-4fb7-99b4-d25c2b80f5e1"><testcase classname="tests.test_nextjs_api.TestHealthCheck" name="test_health_endpoint" time="0.016" /><testcase classname="tests.test_nextjs_api.TestJobsAPI" name="test_get_all_jobs" time="0.009" /><testcase classname="tests.test_nextjs_api.TestJobsAPI" name="test_get_published_jobs" time="0.009" /><testcase classname="tests.test_nextjs_api.TestJobsAPI" name="test_get_job_by_id" time="0.023" /><testcase classname="tests.test_nextjs_api.TestJobsAPI" name="test_get_job_by_slug" time="0.027" /><testcase classname="tests.test_nextjs_api.TestJobsAPI" name="test_get_nonexistent_job" time="0.007" /><testcase classname="tests.test_nextjs_api.TestJobsAPI" name="test_create_job" time="0.050" /><testcase classname="tests.test_nextjs_api.TestJobsAPI" name="test_update_job_status" time="0.048" /><testcase classname="tests.test_nextjs_api.TestApplicationsAPI" name="test_get_all_applications" time="0.006" /><testcase classname="tests.test_nextjs_api.TestApplicationsAPI" name="test_get_applications_by_job_id" time="0.048" /><testcase classname="tests.test_nextjs_api.TestApplicationsAPI" name="test_create_application" time="0.872" /><testcase classname="tests.test_nextjs_api.TestApplicationsAPI" name="test_update_application_stage" time="0.061" /><testcase classname="tests.test_nextjs_api.TestApplicationsAPI" name="test_get_single_application" time="0.012" /><testcase classname="tests.test_nextjs_api.TestJobSEOFeatures" name="test_job_has_slug" time="0.046" /><testcase classname="tests.test_nextjs_api.TestJobSEOFeatures" name="test_job_has_meta_fields" time="0.006" /><testcase classname="tests.test_nextjs_api.TestAdminJobCentricFeatures" name="test_jobs_have_applications_count" time="0.032" /><testcase classname="tests.test_nextjs_api.TestAdminJobCentricFeatures" name="test_filter_jobs_by_status" time="0.020" /><testcase classname="tests.test_nextjs_api.TestAdminJobCentricFeatures" name="test_applications_filtered_by_job" time="0.048" /></testsuite></testsuites>