<?xml version="1.0" encoding="utf-8"?><testsuites name="pytest tests"><testsuite name="pytest" errors="0" failures="0" skipped="0" tests="18" time="1.881" timestamp="2026-01-06T09:06:23.708747+00:00" hostname="agent-env-21174b1f-b0de-4fac-9cc3-714ac4c78d84"><testcase classname="tests.test_nextjs_api.TestHealthCheck" name="test_health_endpoint" time="0.015" /><testcase classname="tests.test_nextjs_api.TestJobsAPI" name="test_get_all_jobs" time="0.012" /><testcase classname="tests.test_nextjs_api.TestJobsAPI" name="test_get_published_jobs" time="0.009" /><testcase classname="tests.test_nextjs_api.TestJobsAPI" name="test_get_job_by_id" time="0.663" /><testcase classname="tests.test_nextjs_api.TestJobsAPI" name="test_get_job_by_slug" time="0.024" /><testcase classname="tests.test_nextjs_api.TestJobsAPI" name="test_get_nonexistent_job" time="0.051" /><testcase classname="tests.test_nextjs_api.TestJobsAPI" name="test_create_job" time="0.027" /><testcase classname="tests.test_nextjs_api.TestJobsAPI" name="test_update_job_status" time="0.015" /><testcase classname="tests.test_nextjs_api.TestApplicationsAPI" name="test_get_all_applications" time="0.059" /><testcase classname="tests.test_nextjs_api.TestApplicationsAPI" name="test_get_applications_by_job_id" time="0.007" /><testcase classname="tests.test_nextjs_api.TestApplicationsAPI" name="test_create_application" time="0.713" /><testcase classname="tests.test_nextjs_api.TestApplicationsAPI" name="test_update_application_stage" time="0.009" /><testcase classname="tests.test_nextjs_api.TestApplicationsAPI" name="test_get_single_application" time="0.007" /><testcase classname="tests.test_nextjs_api.TestJobSEOFeatures" name="test_job_has_slug" time="0.009" /><testcase classname="tests.test_nextjs_api.TestJobSEOFeatures" name="test_job_has_meta_fields" time="0.006" /><testcase classname="tests.test_nextjs_api.TestAdminJobCentricFeatures" name="test_jobs_have_applications_count" time="0.009" /><testcase classname="tests.test_nextjs_api.TestAdminJobCentricFeatures" name="test_filter_jobs_by_status" time="0.088" /><testcase classname="tests.test_nextjs_api.TestAdminJobCentricFeatures" name="test_applications_filtered_by_job" time="0.007" /></testsuite></testsuites>